[12:12:12] Moved inbox/exmaple.json → datasets/SQL Injection/Authentication Bypass/sql_injection_login_bypass_v3.jsonl (records=1)
[12:12:18] Moved inbox/exmaple.json → datasets/SQL Injection/Authentication Bypass/sql_injection_login_bypass_v4.jsonl (records=1)
[12:13:57] Moved inbox/exmaple.json → datasets/SQL Injection/Authentication Bypass/sql_injection_login_bypass_v1.jsonl (records=1)
[12:36:34] Moved inbox/exmaple.json → datasets/SQL Injection/Authentication Bypass/sql_injection_login_bypass_v1.jsonl (records=1)
[12:47:12] Moved inbox/exmaple.json → datasets/SQL Injection/Authentication Bypass/sql_injection_login_bypass_v2.jsonl (records=1)
[12:48:22] Moved inbox/exmaple.json → datasets/SQL Injection/Authentication Bypass/sql_injection_login_bypass_v1.jsonl (records=1)
[12:50:01] Moved inbox/exmaple.json → datasets/SQL Injection/Authentication Bypass/sql_injection_login_bypass_v1.jsonl (records=1)
[12:50:03] Moved inbox/exmaple.json → datasets/SQL Injection/Authentication Bypass/sql_injection_login_bypass_v2.jsonl (records=1)
[12:54:30] Moved inbox/exmaple.json → datasets/SQL Injection/Authentication Bypass/sql_injection_login_bypass_v1.jsonl (records=1)
[12:54:37] Moved inbox/exmaple.json → datasets/SQL Injection/Authentication Bypass/sql_injection_login_bypass_v2.jsonl (records=1)
[12:57:13] Moved inbox/exmaple.json → datasets/SQL Injection/Authentication Bypass/sql_injection_login_bypass_v1.jsonl (records=1)
[12:57:17] Moved inbox/exmaple.json → datasets/SQL Injection/Authentication Bypass/sql_injection_login_bypass_v2.jsonl (records=1)
[13:00:28] Moved inbox/exmaple.json → datasets/SQL Injection/Authentication Bypass/sql_injection_login_bypass_v1.jsonl (records=1)
[13:06:41] Moved inbox/2.json → datasets/Credential Exposure/API Keys and Tokens/api_key_and_token_leaks_source_code_github_scan_v1.jsonl (records=1)
[13:06:46] Moved inbox/2.json → datasets/Credential Exposure/API Keys and Tokens/api_key_and_token_leaks_source_code_github_scan_v2.jsonl (records=1)
[13:07:14] Moved inbox/3.json → datasets/Credential Exposure/API Keys and Tokens/api_key_and_token_leaks_docker_images_config_files_v1.jsonl (records=1)
[13:07:18] Moved inbox/3.json → datasets/Credential Exposure/API Keys and Tokens/api_key_and_token_leaks_docker_images_config_files_v2.jsonl (records=1)
[13:07:27] Moved inbox/4.json → datasets/Credential Exposure/API Keys and Tokens/api_key_and_token_leaks_validation_regex_detection_v1.jsonl (records=1)
[13:07:30] Moved inbox/4.json → datasets/Credential Exposure/API Keys and Tokens/api_key_and_token_leaks_validation_regex_detection_v2.jsonl (records=1)
[13:07:57] Moved inbox/5.json → datasets/Account Takeover/Password Reset Vulnerabilities/account_takeover_password_reset_flaws_v1.jsonl (records=1)
[13:08:00] Moved inbox/5.json → datasets/Account Takeover/Password Reset Vulnerabilities/account_takeover_password_reset_flaws_v2.jsonl (records=1)
[13:08:06] Moved inbox/6.json → datasets/Account Takeover/Token Weakness & Leakage/account_takeover_weak_leaked_reset_tokens_v1.jsonl (records=1)
[13:08:09] Moved inbox/6.json → datasets/Account Takeover/Token Weakness & Leakage/account_takeover_weak_leaked_reset_tokens_v2.jsonl (records=1)
[13:08:22] Moved inbox/7.json → datasets/Account Takeover/IDOR / Insecure Direct Object Reference/account_takeover_idor_on_password_change_api_parameters_v1.jsonl (records=1)
[13:08:26] Moved inbox/7.json → datasets/Account Takeover/IDOR / Insecure Direct Object Reference/account_takeover_idor_on_password_change_api_parameters_v2.jsonl (records=1)
[13:08:41] Moved inbox/8.json → datasets/Account Takeover/Web Vulnerabilities/account_takeover_web_vulnerabilities_xss_smuggling_csrf_jwt_unicode_v1.jsonl (records=1)
[13:08:44] Moved inbox/8.json → datasets/Account Takeover/Web Vulnerabilities/account_takeover_web_vulnerabilities_xss_smuggling_csrf_jwt_unicode_v2.jsonl (records=1)
[13:08:55] Moved inbox/9.json → datasets/Injection/CRLF Header Injection/crlf_injection_header_manipulation_session_fixation_v1.jsonl (records=1)
[13:08:58] Moved inbox/9.json → datasets/Injection/CRLF Header Injection/crlf_injection_header_manipulation_session_fixation_v2.jsonl (records=1)
[13:09:09] Moved inbox/10.json → datasets/Injection/HTTP Response Splitting/crlf_injection_response_splitting_xss_phishing_cache_poisoning_v1.jsonl (records=1)
[13:09:13] Moved inbox/10.json → datasets/Injection/HTTP Response Splitting/crlf_injection_response_splitting_xss_phishing_cache_poisoning_v2.jsonl (records=1)
[13:09:23] Moved inbox/11.json → datasets/Injection/CRLF Filter Bypass/crlf_injection_filter_bypass_utf_8_trick_labs_tools_v1.jsonl (records=1)
[13:09:26] Moved inbox/11.json → datasets/Injection/CRLF Filter Bypass/crlf_injection_filter_bypass_utf_8_trick_labs_tools_v2.jsonl (records=1)
[13:09:42] Moved inbox/12.json → datasets/Injection/CSV / Formula Injection/csv_injection_formula_injection_v1.jsonl (records=1)
[13:09:46] Moved inbox/12.json → datasets/Injection/CSV / Formula Injection/csv_injection_formula_injection_v2.jsonl (records=1)
[13:10:00] Moved inbox/13.json → datasets/UI Manipulation/Clickjacking/clickjacking_ui_redressing_v1.jsonl (records=1)
[13:10:04] Moved inbox/13.json → datasets/UI Manipulation/Clickjacking/clickjacking_ui_redressing_v2.jsonl (records=1)
[13:10:28] Moved inbox/14.json → datasets/UI Manipulation/Overlay - Form Hijack/clickjacking_ui_redressing_button_form_hijack_v1.jsonl (records=1)
[13:10:32] Moved inbox/14.json → datasets/UI Manipulation/Overlay - Form Hijack/clickjacking_ui_redressing_button_form_hijack_v2.jsonl (records=1)
[13:10:42] Moved inbox/15.json → datasets/UI Manipulation/Invisible Iframe - Anti-bust/clickjacking_invisible_iframe_anti_bust_v1.jsonl (records=1)
[13:10:45] Moved inbox/15.json → datasets/UI Manipulation/Invisible Iframe - Anti-bust/clickjacking_invisible_iframe_anti_bust_v2.jsonl (records=1)
[13:11:02] Moved inbox/16.json → datasets/UI Protection/Mitigations & Testing/clickjacking_mitigations_tools_labs_v1.jsonl (records=1)
[13:11:06] Moved inbox/16.json → datasets/UI Protection/Mitigations & Testing/clickjacking_mitigations_tools_labs_v2.jsonl (records=1)
[13:11:09] Moved inbox/17.json → datasets/Web Vulnerabilities/Client-Side Path Traversal/client_side_path_traversal_cspt_cspt2csrf_v1.jsonl (records=1)
[13:11:12] Moved inbox/17.json → datasets/Web Vulnerabilities/Client-Side Path Traversal/client_side_path_traversal_cspt_cspt2csrf_v2.jsonl (records=1)
[13:11:15] Moved inbox/18.json → datasets/Web Vulnerabilities/Command Injection - Basic/command_injection_basic_commands_v1.jsonl (records=1)
[13:11:18] Moved inbox/18.json → datasets/Web Vulnerabilities/Command Injection - Basic/command_injection_basic_commands_v2.jsonl (records=1)
[13:11:21] Moved inbox/19.json → datasets/Web Vulnerabilities/Argument Injection/command_injection_argument_injection_v1.jsonl (records=1)
[13:11:25] Moved inbox/19.json → datasets/Web Vulnerabilities/Argument Injection/command_injection_argument_injection_v2.jsonl (records=1)
[13:11:28] Moved inbox/20.json → datasets/Web Vulnerabilities/Filter Bypasses/command_injection_filter_bypasses_v1.jsonl (records=1)
[13:11:31] Moved inbox/20.json → datasets/Web Vulnerabilities/Filter Bypasses/command_injection_filter_bypasses_v2.jsonl (records=1)
[13:11:34] Moved inbox/21.json → datasets/Web Vulnerabilities/Polyglot - Tricks/command_injection_polyglot_tricks_v1.jsonl (records=1)
[13:11:37] Moved inbox/21.json → datasets/Web Vulnerabilities/Polyglot - Tricks/command_injection_polyglot_tricks_v2.jsonl (records=1)
[13:11:40] Moved inbox/22.json → datasets/Web Vulnerabilities/Data Exfiltration/command_injection_data_exfiltration_time_dns_v1.jsonl (records=1)
[13:11:43] Moved inbox/22.json → datasets/Web Vulnerabilities/Data Exfiltration/command_injection_data_exfiltration_time_dns_v2.jsonl (records=1)
[13:11:47] Moved inbox/23.json → datasets/Web Vulnerabilities/CSRF - HTML Methods/csrf_html_get_post_autosubmit_file_upload_v1.jsonl (records=1)
[13:11:50] Moved inbox/23.json → datasets/Web Vulnerabilities/CSRF - HTML Methods/csrf_html_get_post_autosubmit_file_upload_v2.jsonl (records=1)
[13:11:53] Moved inbox/24.json → datasets/Web Vulnerabilities/CSRF - JSON Methods/csrf_json_get_post_complex_json_requests_v1.jsonl (records=1)
[13:11:56] Moved inbox/24.json → datasets/Web Vulnerabilities/CSRF - JSON Methods/csrf_json_get_post_complex_json_requests_v2.jsonl (records=1)
[13:11:59] Moved inbox/25.json → datasets/Web Vulnerabilities/CSRF - Testing & Defenses/csrf_tools_labs_mitigations_v1.jsonl (records=1)
[13:12:03] Moved inbox/25.json → datasets/Web Vulnerabilities/CSRF - Testing & Defenses/csrf_tools_labs_mitigations_v2.jsonl (records=1)
